#! /usr/bin/vvp
:ivl_version "12.0 (stable)";
:ivl_delay_selection "TYPICAL";
:vpi_time_precision + 0;
:vpi_module "/usr/lib/x86_64-linux-gnu/ivl/system.vpi";
:vpi_module "/usr/lib/x86_64-linux-gnu/ivl/vhdl_sys.vpi";
:vpi_module "/usr/lib/x86_64-linux-gnu/ivl/vhdl_textio.vpi";
:vpi_module "/usr/lib/x86_64-linux-gnu/ivl/v2005_math.vpi";
:vpi_module "/usr/lib/x86_64-linux-gnu/ivl/va_math.vpi";
S_0x5f6f82648540 .scope module, "tarea_2_tb" "tarea_2_tb" 2 4;
 .timescale 0 0;
v0x5f6f8266f250_0 .net "PAGO_RECIBIDO", 0 0, v0x5f6f8264eca0_0;  1 drivers
v0x5f6f8266f310_0 .net "clock", 0 0, v0x5f6f8266cf20_0;  1 drivers
v0x5f6f8266f420_0 .net "entrada_azucar", 3 0, v0x5f6f8266cfe0_0;  1 drivers
v0x5f6f8266f510_0 .net "entrada_cafe", 2 0, v0x5f6f8266d0a0_0;  1 drivers
v0x5f6f8266f600_0 .net "entrada_tamano", 2 0, v0x5f6f8266d180_0;  1 drivers
v0x5f6f8266f760_0 .net "reset", 0 0, v0x5f6f8266d2b0_0;  1 drivers
v0x5f6f8266f850_0 .net "salida_azucar", 3 0, v0x5f6f8266e930_0;  1 drivers
v0x5f6f8266f960_0 .net "salida_concentracion", 0 0, v0x5f6f8266ea20_0;  1 drivers
v0x5f6f8266fa50_0 .net "salida_espuma", 0 0, v0x5f6f8266eaf0_0;  1 drivers
v0x5f6f8266faf0_0 .net "salida_leche", 0 0, v0x5f6f8266ebc0_0;  1 drivers
v0x5f6f8266fbe0_0 .net "salida_precio", 15 0, v0x5f6f8266ec90_0;  1 drivers
S_0x5f6f826486d0 .scope module, "PO" "probador" 2 40, 3 1 0, S_0x5f6f82648540;
 .timescale 0 0;
    .port_info 0 /INPUT 16 "salida_precio";
    .port_info 1 /INPUT 4 "salida_azucar";
    .port_info 2 /INPUT 1 "salida_concentracion";
    .port_info 3 /INPUT 1 "salida_leche";
    .port_info 4 /INPUT 1 "salida_espuma";
    .port_info 5 /OUTPUT 1 "clock";
    .port_info 6 /OUTPUT 1 "reset";
    .port_info 7 /OUTPUT 1 "PAGO_RECIBIDO";
    .port_info 8 /OUTPUT 3 "entrada_cafe";
    .port_info 9 /OUTPUT 3 "entrada_tamano";
    .port_info 10 /OUTPUT 4 "entrada_azucar";
v0x5f6f8264eca0_0 .var "PAGO_RECIBIDO", 0 0;
v0x5f6f8266cf20_0 .var "clock", 0 0;
v0x5f6f8266cfe0_0 .var "entrada_azucar", 3 0;
v0x5f6f8266d0a0_0 .var "entrada_cafe", 2 0;
v0x5f6f8266d180_0 .var "entrada_tamano", 2 0;
v0x5f6f8266d2b0_0 .var "reset", 0 0;
v0x5f6f8266d370_0 .net "salida_azucar", 3 0, v0x5f6f8266e930_0;  alias, 1 drivers
v0x5f6f8266d450_0 .net "salida_concentracion", 0 0, v0x5f6f8266ea20_0;  alias, 1 drivers
v0x5f6f8266d510_0 .net "salida_espuma", 0 0, v0x5f6f8266eaf0_0;  alias, 1 drivers
v0x5f6f8266d5d0_0 .net "salida_leche", 0 0, v0x5f6f8266ebc0_0;  alias, 1 drivers
v0x5f6f8266d690_0 .net "salida_precio", 15 0, v0x5f6f8266ec90_0;  alias, 1 drivers
S_0x5f6f8266d8d0 .scope module, "UO" "maquina_cafe" 2 24, 4 1 0, S_0x5f6f82648540;
 .timescale 0 0;
    .port_info 0 /INPUT 1 "clock";
    .port_info 1 /INPUT 1 "reset";
    .port_info 2 /INPUT 1 "PAGO_RECIBIDO";
    .port_info 3 /INPUT 3 "entrada_cafe";
    .port_info 4 /INPUT 3 "entrada_tamano";
    .port_info 5 /INPUT 4 "entrada_azucar";
    .port_info 6 /OUTPUT 1 "salida_concentracion";
    .port_info 7 /OUTPUT 1 "salida_leche";
    .port_info 8 /OUTPUT 1 "salida_espuma";
    .port_info 9 /OUTPUT 4 "salida_azucar";
    .port_info 10 /OUTPUT 16 "salida_precio";
P_0x5f6f8266da80 .param/l "IDLE" 0 4 34, C4<11>;
P_0x5f6f8266dac0 .param/l "INICIO" 0 4 31, C4<00>;
P_0x5f6f8266db00 .param/l "PRECIO" 0 4 32, C4<01>;
P_0x5f6f8266db40 .param/l "PREPARACION_CAFE" 0 4 33, C4<10>;
v0x5f6f8266dee0_0 .net "PAGO_RECIBIDO", 0 0, v0x5f6f8264eca0_0;  alias, 1 drivers
v0x5f6f8266dfa0_0 .var "ciclos_preparacion", 2 0;
v0x5f6f8266e060_0 .net "clock", 0 0, v0x5f6f8266cf20_0;  alias, 1 drivers
v0x5f6f8266e160_0 .var "count", 6 0;
v0x5f6f8266e200_0 .net "entrada_azucar", 3 0, v0x5f6f8266cfe0_0;  alias, 1 drivers
v0x5f6f8266e310_0 .net "entrada_cafe", 2 0, v0x5f6f8266d0a0_0;  alias, 1 drivers
v0x5f6f8266e3e0_0 .net "entrada_tamano", 2 0, v0x5f6f8266d180_0;  alias, 1 drivers
v0x5f6f8266e4b0_0 .var "estado_actual", 1 0;
v0x5f6f8266e570_0 .var "exit_counter", 1 0;
v0x5f6f8266e6e0_0 .var "next_state", 1 0;
v0x5f6f8266e7c0_0 .net "reset", 0 0, v0x5f6f8266d2b0_0;  alias, 1 drivers
v0x5f6f8266e890_0 .var "reset_interno", 0 0;
v0x5f6f8266e930_0 .var "salida_azucar", 3 0;
v0x5f6f8266ea20_0 .var "salida_concentracion", 0 0;
v0x5f6f8266eaf0_0 .var "salida_espuma", 0 0;
v0x5f6f8266ebc0_0 .var "salida_leche", 0 0;
v0x5f6f8266ec90_0 .var "salida_precio", 15 0;
v0x5f6f8266ee70_0 .var "variable_azucar", 3 0;
v0x5f6f8266ef10_0 .var "variable_cafe", 2 0;
v0x5f6f8266efb0_0 .var "variable_tamano", 2 0;
E_0x5f6f82633a30/0 .event anyedge, v0x5f6f8266e4b0_0, v0x5f6f8266cfe0_0, v0x5f6f8266d0a0_0, v0x5f6f8266d180_0;
E_0x5f6f82633a30/1 .event anyedge, v0x5f6f8266ef10_0, v0x5f6f8266efb0_0, v0x5f6f8266e160_0, v0x5f6f8264eca0_0;
E_0x5f6f82633a30/2 .event anyedge, v0x5f6f8266ee70_0, v0x5f6f8266e570_0;
E_0x5f6f82633a30 .event/or E_0x5f6f82633a30/0, E_0x5f6f82633a30/1, E_0x5f6f82633a30/2;
E_0x5f6f82633da0 .event posedge, v0x5f6f8266cf20_0;
    .scope S_0x5f6f8266d8d0;
T_0 ;
    %wait E_0x5f6f82633da0;
    %load/vec4 v0x5f6f8266e7c0_0;
    %flag_set/vec4 8;
    %jmp/0xz  T_0.0, 8;
    %pushi/vec4 0, 0, 2;
    %assign/vec4 v0x5f6f8266e6e0_0, 0;
    %pushi/vec4 0, 0, 2;
    %assign/vec4 v0x5f6f8266e4b0_0, 0;
    %pushi/vec4 0, 0, 4;
    %assign/vec4 v0x5f6f8266ee70_0, 0;
    %pushi/vec4 0, 0, 3;
    %assign/vec4 v0x5f6f8266ef10_0, 0;
    %pushi/vec4 0, 0, 3;
    %assign/vec4 v0x5f6f8266efb0_0, 0;
    %pushi/vec4 0, 0, 7;
    %assign/vec4 v0x5f6f8266e160_0, 0;
    %pushi/vec4 0, 0, 2;
    %assign/vec4 v0x5f6f8266e570_0, 0;
    %pushi/vec4 0, 0, 3;
    %assign/vec4 v0x5f6f8266dfa0_0, 0;
    %pushi/vec4 0, 0, 1;
    %assign/vec4 v0x5f6f8266e890_0, 0;
    %pushi/vec4 0, 0, 1;
    %assign/vec4 v0x5f6f8266ebc0_0, 0;
    %pushi/vec4 0, 0, 1;
    %assign/vec4 v0x5f6f8266ea20_0, 0;
    %pushi/vec4 0, 0, 1;
    %assign/vec4 v0x5f6f8266eaf0_0, 0;
    %pushi/vec4 0, 0, 4;
    %assign/vec4 v0x5f6f8266e930_0, 0;
    %pushi/vec4 0, 0, 16;
    %assign/vec4 v0x5f6f8266ec90_0, 0;
    %jmp T_0.1;
T_0.0 ;
    %load/vec4 v0x5f6f8266e890_0;
    %flag_set/vec4 8;
    %jmp/0xz  T_0.2, 8;
    %pushi/vec4 3, 0, 2;
    %assign/vec4 v0x5f6f8266e6e0_0, 0;
    %pushi/vec4 3, 0, 2;
    %assign/vec4 v0x5f6f8266e4b0_0, 0;
    %pushi/vec4 0, 0, 1;
    %assign/vec4 v0x5f6f8266ebc0_0, 0;
    %pushi/vec4 0, 0, 1;
    %assign/vec4 v0x5f6f8266ea20_0, 0;
    %pushi/vec4 0, 0, 1;
    %assign/vec4 v0x5f6f8266eaf0_0, 0;
    %pushi/vec4 0, 0, 4;
    %assign/vec4 v0x5f6f8266e930_0, 0;
    %pushi/vec4 0, 0, 16;
    %assign/vec4 v0x5f6f8266ec90_0, 0;
    %jmp T_0.3;
T_0.2 ;
    %load/vec4 v0x5f6f8266e6e0_0;
    %assign/vec4 v0x5f6f8266e4b0_0, 0;
    %load/vec4 v0x5f6f8266e4b0_0;
    %cmpi/e 1, 0, 2;
    %jmp/0xz  T_0.4, 4;
    %load/vec4 v0x5f6f8266e160_0;
    %addi 1, 0, 7;
    %assign/vec4 v0x5f6f8266e160_0, 0;
    %jmp T_0.5;
T_0.4 ;
    %load/vec4 v0x5f6f8266e4b0_0;
    %cmpi/e 2, 0, 2;
    %jmp/0xz  T_0.6, 4;
    %load/vec4 v0x5f6f8266e570_0;
    %addi 1, 0, 2;
    %assign/vec4 v0x5f6f8266e570_0, 0;
T_0.6 ;
T_0.5 ;
T_0.3 ;
T_0.1 ;
    %jmp T_0;
    .thread T_0;
    .scope S_0x5f6f8266d8d0;
T_1 ;
    %wait E_0x5f6f82633a30;
    %load/vec4 v0x5f6f8266e4b0_0;
    %store/vec4 v0x5f6f8266e6e0_0, 0, 2;
    %pushi/vec4 0, 0, 1;
    %store/vec4 v0x5f6f8266e890_0, 0, 1;
    %pushi/vec4 0, 0, 1;
    %store/vec4 v0x5f6f8266ebc0_0, 0, 1;
    %pushi/vec4 0, 0, 1;
    %store/vec4 v0x5f6f8266ea20_0, 0, 1;
    %pushi/vec4 0, 0, 1;
    %store/vec4 v0x5f6f8266eaf0_0, 0, 1;
    %pushi/vec4 0, 0, 4;
    %store/vec4 v0x5f6f8266e930_0, 0, 4;
    %pushi/vec4 0, 0, 16;
    %store/vec4 v0x5f6f8266ec90_0, 0, 16;
    %load/vec4 v0x5f6f8266e200_0;
    %store/vec4 v0x5f6f8266ee70_0, 0, 4;
    %load/vec4 v0x5f6f8266e310_0;
    %store/vec4 v0x5f6f8266ef10_0, 0, 3;
    %load/vec4 v0x5f6f8266e3e0_0;
    %store/vec4 v0x5f6f8266efb0_0, 0, 3;
    %load/vec4 v0x5f6f8266e4b0_0;
    %cmpi/e 0, 0, 2;
    %jmp/0xz  T_1.0, 4;
    %load/vec4 v0x5f6f8266e310_0;
    %dup/vec4;
    %pushi/vec4 1, 0, 3;
    %cmp/u;
    %jmp/1 T_1.2, 6;
    %dup/vec4;
    %pushi/vec4 2, 0, 3;
    %cmp/u;
    %jmp/1 T_1.3, 6;
    %dup/vec4;
    %pushi/vec4 3, 0, 3;
    %cmp/u;
    %jmp/1 T_1.4, 6;
    %dup/vec4;
    %pushi/vec4 4, 0, 3;
    %cmp/u;
    %jmp/1 T_1.5, 6;
    %jmp T_1.6;
T_1.2 ;
    %pushi/vec4 1, 0, 3;
    %store/vec4 v0x5f6f8266ef10_0, 0, 3;
    %jmp T_1.6;
T_1.3 ;
    %pushi/vec4 2, 0, 3;
    %store/vec4 v0x5f6f8266ef10_0, 0, 3;
    %jmp T_1.6;
T_1.4 ;
    %pushi/vec4 3, 0, 3;
    %store/vec4 v0x5f6f8266ef10_0, 0, 3;
    %jmp T_1.6;
T_1.5 ;
    %pushi/vec4 4, 0, 3;
    %store/vec4 v0x5f6f8266ef10_0, 0, 3;
    %jmp T_1.6;
T_1.6 ;
    %pop/vec4 1;
    %load/vec4 v0x5f6f8266e3e0_0;
    %dup/vec4;
    %pushi/vec4 1, 0, 3;
    %cmp/u;
    %jmp/1 T_1.7, 6;
    %dup/vec4;
    %pushi/vec4 2, 0, 3;
    %cmp/u;
    %jmp/1 T_1.8, 6;
    %dup/vec4;
    %pushi/vec4 3, 0, 3;
    %cmp/u;
    %jmp/1 T_1.9, 6;
    %jmp T_1.10;
T_1.7 ;
    %pushi/vec4 1, 0, 3;
    %store/vec4 v0x5f6f8266efb0_0, 0, 3;
    %jmp T_1.10;
T_1.8 ;
    %pushi/vec4 2, 0, 3;
    %store/vec4 v0x5f6f8266efb0_0, 0, 3;
    %jmp T_1.10;
T_1.9 ;
    %pushi/vec4 3, 0, 3;
    %store/vec4 v0x5f6f8266efb0_0, 0, 3;
    %jmp T_1.10;
T_1.10 ;
    %pop/vec4 1;
    %load/vec4 v0x5f6f8266e200_0;
    %dup/vec4;
    %pushi/vec4 0, 0, 4;
    %cmp/u;
    %jmp/1 T_1.11, 6;
    %dup/vec4;
    %pushi/vec4 1, 0, 4;
    %cmp/u;
    %jmp/1 T_1.12, 6;
    %dup/vec4;
    %pushi/vec4 2, 0, 4;
    %cmp/u;
    %jmp/1 T_1.13, 6;
    %dup/vec4;
    %pushi/vec4 3, 0, 4;
    %cmp/u;
    %jmp/1 T_1.14, 6;
    %dup/vec4;
    %pushi/vec4 4, 0, 4;
    %cmp/u;
    %jmp/1 T_1.15, 6;
    %dup/vec4;
    %pushi/vec4 5, 0, 4;
    %cmp/u;
    %jmp/1 T_1.16, 6;
    %pushi/vec4 0, 0, 4;
    %store/vec4 v0x5f6f8266ee70_0, 0, 4;
    %jmp T_1.18;
T_1.11 ;
    %pushi/vec4 0, 0, 4;
    %store/vec4 v0x5f6f8266ee70_0, 0, 4;
    %jmp T_1.18;
T_1.12 ;
    %pushi/vec4 1, 0, 4;
    %store/vec4 v0x5f6f8266ee70_0, 0, 4;
    %jmp T_1.18;
T_1.13 ;
    %pushi/vec4 2, 0, 4;
    %store/vec4 v0x5f6f8266ee70_0, 0, 4;
    %jmp T_1.18;
T_1.14 ;
    %pushi/vec4 3, 0, 4;
    %store/vec4 v0x5f6f8266ee70_0, 0, 4;
    %jmp T_1.18;
T_1.15 ;
    %pushi/vec4 4, 0, 4;
    %store/vec4 v0x5f6f8266ee70_0, 0, 4;
    %jmp T_1.18;
T_1.16 ;
    %pushi/vec4 5, 0, 4;
    %store/vec4 v0x5f6f8266ee70_0, 0, 4;
    %jmp T_1.18;
T_1.18 ;
    %pop/vec4 1;
    %load/vec4 v0x5f6f8266ef10_0;
    %load/vec4 v0x5f6f8266efb0_0;
    %concat/vec4; draw_concat_vec4
    %dup/vec4;
    %pushi/vec4 9, 0, 6;
    %cmp/u;
    %jmp/1 T_1.19, 6;
    %dup/vec4;
    %pushi/vec4 10, 0, 6;
    %cmp/u;
    %jmp/1 T_1.20, 6;
    %dup/vec4;
    %pushi/vec4 11, 0, 6;
    %cmp/u;
    %jmp/1 T_1.21, 6;
    %dup/vec4;
    %pushi/vec4 17, 0, 6;
    %cmp/u;
    %jmp/1 T_1.22, 6;
    %dup/vec4;
    %pushi/vec4 18, 0, 6;
    %cmp/u;
    %jmp/1 T_1.23, 6;
    %dup/vec4;
    %pushi/vec4 19, 0, 6;
    %cmp/u;
    %jmp/1 T_1.24, 6;
    %dup/vec4;
    %pushi/vec4 25, 0, 6;
    %cmp/u;
    %jmp/1 T_1.25, 6;
    %dup/vec4;
    %pushi/vec4 26, 0, 6;
    %cmp/u;
    %jmp/1 T_1.26, 6;
    %dup/vec4;
    %pushi/vec4 27, 0, 6;
    %cmp/u;
    %jmp/1 T_1.27, 6;
    %dup/vec4;
    %pushi/vec4 33, 0, 6;
    %cmp/u;
    %jmp/1 T_1.28, 6;
    %dup/vec4;
    %pushi/vec4 34, 0, 6;
    %cmp/u;
    %jmp/1 T_1.29, 6;
    %dup/vec4;
    %pushi/vec4 35, 0, 6;
    %cmp/u;
    %jmp/1 T_1.30, 6;
    %pushi/vec4 1, 0, 1;
    %store/vec4 v0x5f6f8266e890_0, 0, 1;
    %jmp T_1.32;
T_1.19 ;
    %pushi/vec4 500, 0, 16;
    %store/vec4 v0x5f6f8266ec90_0, 0, 16;
    %pushi/vec4 1, 0, 2;
    %store/vec4 v0x5f6f8266e6e0_0, 0, 2;
    %jmp T_1.32;
T_1.20 ;
    %pushi/vec4 1000, 0, 16;
    %store/vec4 v0x5f6f8266ec90_0, 0, 16;
    %pushi/vec4 1, 0, 2;
    %store/vec4 v0x5f6f8266e6e0_0, 0, 2;
    %jmp T_1.32;
T_1.21 ;
    %pushi/vec4 1500, 0, 16;
    %store/vec4 v0x5f6f8266ec90_0, 0, 16;
    %pushi/vec4 1, 0, 2;
    %store/vec4 v0x5f6f8266e6e0_0, 0, 2;
    %jmp T_1.32;
T_1.22 ;
    %pushi/vec4 750, 0, 16;
    %store/vec4 v0x5f6f8266ec90_0, 0, 16;
    %pushi/vec4 1, 0, 2;
    %store/vec4 v0x5f6f8266e6e0_0, 0, 2;
    %jmp T_1.32;
T_1.23 ;
    %pushi/vec4 1250, 0, 16;
    %store/vec4 v0x5f6f8266ec90_0, 0, 16;
    %pushi/vec4 1, 0, 2;
    %store/vec4 v0x5f6f8266e6e0_0, 0, 2;
    %jmp T_1.32;
T_1.24 ;
    %pushi/vec4 1750, 0, 16;
    %store/vec4 v0x5f6f8266ec90_0, 0, 16;
    %pushi/vec4 1, 0, 2;
    %store/vec4 v0x5f6f8266e6e0_0, 0, 2;
    %jmp T_1.32;
T_1.25 ;
    %pushi/vec4 1000, 0, 16;
    %store/vec4 v0x5f6f8266ec90_0, 0, 16;
    %pushi/vec4 1, 0, 2;
    %store/vec4 v0x5f6f8266e6e0_0, 0, 2;
    %jmp T_1.32;
T_1.26 ;
    %pushi/vec4 1500, 0, 16;
    %store/vec4 v0x5f6f8266ec90_0, 0, 16;
    %pushi/vec4 1, 0, 2;
    %store/vec4 v0x5f6f8266e6e0_0, 0, 2;
    %jmp T_1.32;
T_1.27 ;
    %pushi/vec4 2000, 0, 16;
    %store/vec4 v0x5f6f8266ec90_0, 0, 16;
    %pushi/vec4 1, 0, 2;
    %store/vec4 v0x5f6f8266e6e0_0, 0, 2;
    %jmp T_1.32;
T_1.28 ;
    %pushi/vec4 1250, 0, 16;
    %store/vec4 v0x5f6f8266ec90_0, 0, 16;
    %pushi/vec4 1, 0, 2;
    %store/vec4 v0x5f6f8266e6e0_0, 0, 2;
    %jmp T_1.32;
T_1.29 ;
    %pushi/vec4 1750, 0, 16;
    %store/vec4 v0x5f6f8266ec90_0, 0, 16;
    %pushi/vec4 1, 0, 2;
    %store/vec4 v0x5f6f8266e6e0_0, 0, 2;
    %jmp T_1.32;
T_1.30 ;
    %pushi/vec4 2250, 0, 16;
    %store/vec4 v0x5f6f8266ec90_0, 0, 16;
    %pushi/vec4 1, 0, 2;
    %store/vec4 v0x5f6f8266e6e0_0, 0, 2;
    %jmp T_1.32;
T_1.32 ;
    %pop/vec4 1;
    %jmp T_1.1;
T_1.0 ;
    %load/vec4 v0x5f6f8266e4b0_0;
    %cmpi/e 1, 0, 2;
    %jmp/0xz  T_1.33, 4;
    %load/vec4 v0x5f6f8266e160_0;
    %pad/u 32;
    %cmpi/u 10, 0, 32;
    %flag_or 5, 4; GT is !LE
    %flag_inv 5;
    %jmp/0xz  T_1.35, 5;
    %pushi/vec4 1, 0, 1;
    %store/vec4 v0x5f6f8266e890_0, 0, 1;
    %jmp T_1.36;
T_1.35 ;
    %load/vec4 v0x5f6f8266dee0_0;
    %flag_set/vec4 8;
    %jmp/0xz  T_1.37, 8;
    %pushi/vec4 2, 0, 2;
    %store/vec4 v0x5f6f8266e6e0_0, 0, 2;
T_1.37 ;
T_1.36 ;
T_1.33 ;
T_1.1 ;
    %load/vec4 v0x5f6f8266e4b0_0;
    %cmpi/e 2, 0, 2;
    %jmp/0xz  T_1.39, 4;
    %load/vec4 v0x5f6f8266e310_0;
    %dup/vec4;
    %pushi/vec4 1, 0, 3;
    %cmp/u;
    %jmp/1 T_1.41, 6;
    %dup/vec4;
    %pushi/vec4 2, 0, 3;
    %cmp/u;
    %jmp/1 T_1.42, 6;
    %dup/vec4;
    %pushi/vec4 3, 0, 3;
    %cmp/u;
    %jmp/1 T_1.43, 6;
    %dup/vec4;
    %pushi/vec4 4, 0, 3;
    %cmp/u;
    %jmp/1 T_1.44, 6;
    %jmp T_1.45;
T_1.41 ;
    %pushi/vec4 0, 0, 1;
    %store/vec4 v0x5f6f8266ebc0_0, 0, 1;
    %pushi/vec4 0, 0, 1;
    %store/vec4 v0x5f6f8266ea20_0, 0, 1;
    %pushi/vec4 0, 0, 1;
    %store/vec4 v0x5f6f8266eaf0_0, 0, 1;
    %load/vec4 v0x5f6f8266ee70_0;
    %store/vec4 v0x5f6f8266e930_0, 0, 4;
    %jmp T_1.45;
T_1.42 ;
    %pushi/vec4 1, 0, 1;
    %store/vec4 v0x5f6f8266ebc0_0, 0, 1;
    %pushi/vec4 0, 0, 1;
    %store/vec4 v0x5f6f8266ea20_0, 0, 1;
    %pushi/vec4 0, 0, 1;
    %store/vec4 v0x5f6f8266eaf0_0, 0, 1;
    %load/vec4 v0x5f6f8266ee70_0;
    %store/vec4 v0x5f6f8266e930_0, 0, 4;
    %jmp T_1.45;
T_1.43 ;
    %pushi/vec4 0, 0, 1;
    %store/vec4 v0x5f6f8266ebc0_0, 0, 1;
    %pushi/vec4 1, 0, 1;
    %store/vec4 v0x5f6f8266ea20_0, 0, 1;
    %pushi/vec4 0, 0, 1;
    %store/vec4 v0x5f6f8266eaf0_0, 0, 1;
    %load/vec4 v0x5f6f8266ee70_0;
    %store/vec4 v0x5f6f8266e930_0, 0, 4;
    %jmp T_1.45;
T_1.44 ;
    %pushi/vec4 1, 0, 1;
    %store/vec4 v0x5f6f8266ebc0_0, 0, 1;
    %pushi/vec4 1, 0, 1;
    %store/vec4 v0x5f6f8266ea20_0, 0, 1;
    %pushi/vec4 1, 0, 1;
    %store/vec4 v0x5f6f8266eaf0_0, 0, 1;
    %load/vec4 v0x5f6f8266ee70_0;
    %store/vec4 v0x5f6f8266e930_0, 0, 4;
    %jmp T_1.45;
T_1.45 ;
    %pop/vec4 1;
    %load/vec4 v0x5f6f8266efb0_0;
    %load/vec4 v0x5f6f8266e570_0;
    %pad/u 3;
    %cmp/e;
    %jmp/0xz  T_1.46, 4;
    %pushi/vec4 0, 0, 1;
    %store/vec4 v0x5f6f8266ebc0_0, 0, 1;
    %pushi/vec4 0, 0, 1;
    %store/vec4 v0x5f6f8266ea20_0, 0, 1;
    %pushi/vec4 0, 0, 1;
    %store/vec4 v0x5f6f8266eaf0_0, 0, 1;
    %pushi/vec4 0, 0, 4;
    %store/vec4 v0x5f6f8266e930_0, 0, 4;
    %pushi/vec4 1, 0, 1;
    %store/vec4 v0x5f6f8266e890_0, 0, 1;
T_1.46 ;
T_1.39 ;
    %jmp T_1;
    .thread T_1, $push;
    .scope S_0x5f6f826486d0;
T_2 ;
    %delay 5, 0;
    %load/vec4 v0x5f6f8266cf20_0;
    %inv;
    %store/vec4 v0x5f6f8266cf20_0, 0, 1;
    %jmp T_2;
    .thread T_2;
    .scope S_0x5f6f826486d0;
T_3 ;
    %pushi/vec4 0, 0, 1;
    %store/vec4 v0x5f6f8266cf20_0, 0, 1;
    %pushi/vec4 0, 0, 3;
    %store/vec4 v0x5f6f8266d0a0_0, 0, 3;
    %pushi/vec4 0, 0, 3;
    %store/vec4 v0x5f6f8266d180_0, 0, 3;
    %pushi/vec4 0, 0, 4;
    %store/vec4 v0x5f6f8266cfe0_0, 0, 4;
    %pushi/vec4 0, 0, 1;
    %store/vec4 v0x5f6f8264eca0_0, 0, 1;
    %pushi/vec4 1, 0, 1;
    %store/vec4 v0x5f6f8266d2b0_0, 0, 1;
    %delay 10, 0;
    %pushi/vec4 0, 0, 1;
    %store/vec4 v0x5f6f8266d2b0_0, 0, 1;
    %pushi/vec4 4, 0, 3;
    %store/vec4 v0x5f6f8266d0a0_0, 0, 3;
    %pushi/vec4 3, 0, 3;
    %store/vec4 v0x5f6f8266d180_0, 0, 3;
    %pushi/vec4 3, 0, 4;
    %store/vec4 v0x5f6f8266cfe0_0, 0, 4;
    %delay 10, 0;
    %pushi/vec4 1, 0, 1;
    %store/vec4 v0x5f6f8264eca0_0, 0, 1;
    %delay 10, 0;
    %pushi/vec4 0, 0, 1;
    %store/vec4 v0x5f6f8264eca0_0, 0, 1;
    %delay 100, 0;
    %delay 100, 0;
    %vpi_call 3 54 "$finish" {0 0 0};
    %end;
    .thread T_3;
    .scope S_0x5f6f82648540;
T_4 ;
    %vpi_call 2 17 "$dumpfile", "resultados.vcd" {0 0 0};
    %vpi_call 2 18 "$dumpvars", 32'sb00000000000000000000000000000000, S_0x5f6f82648540 {0 0 0};
    %end;
    .thread T_4;
# The file index is used to find the file name in the following table.
:file_names 5;
    "N/A";
    "<interactive>";
    "testbench.v";
    "./tester.v";
    "./tarea_2.v";
