#! /usr/bin/vvp
:ivl_version "12.0 (stable)";
:ivl_delay_selection "TYPICAL";
:vpi_time_precision - 12;
:vpi_module "/usr/lib/x86_64-linux-gnu/ivl/system.vpi";
:vpi_module "/usr/lib/x86_64-linux-gnu/ivl/vhdl_sys.vpi";
:vpi_module "/usr/lib/x86_64-linux-gnu/ivl/vhdl_textio.vpi";
:vpi_module "/usr/lib/x86_64-linux-gnu/ivl/v2005_math.vpi";
:vpi_module "/usr/lib/x86_64-linux-gnu/ivl/va_math.vpi";
S_0x606acfa0a850 .scope module, "BUF" "BUF" 2 1;
 .timescale -9 -12;
    .port_info 0 /INPUT 1 "A";
    .port_info 1 /OUTPUT 1 "Y";
o0x7a041d3cf018 .functor BUFZ 1, C4<z>; HiZ drive
L_0x606acf9e41b0 .functor BUFZ 1, o0x7a041d3cf018, C4<0>, C4<0>, C4<0>;
v0x606acf9e3fe0_0 .net "A", 0 0, o0x7a041d3cf018;  0 drivers
v0x606acf9e4310_0 .net "Y", 0 0, L_0x606acf9e41b0;  1 drivers
S_0x606acfa0a9e0 .scope module, "DFF" "DFF" 2 25;
 .timescale -9 -12;
    .port_info 0 /INPUT 1 "C";
    .port_info 1 /INPUT 1 "D";
    .port_info 2 /OUTPUT 1 "Q";
o0x7a041d3cf0d8 .functor BUFZ 1, C4<z>; HiZ drive
v0x606acf9e4740_0 .net "C", 0 0, o0x7a041d3cf0d8;  0 drivers
o0x7a041d3cf108 .functor BUFZ 1, C4<z>; HiZ drive
v0x606acf9e4a70_0 .net "D", 0 0, o0x7a041d3cf108;  0 drivers
v0x606acf9e4ea0_0 .var "Q", 0 0;
E_0x606acfa07a00 .event posedge, v0x606acf9e4740_0;
S_0x606acfa08920 .scope module, "NAND" "NAND" 2 13;
 .timescale -9 -12;
    .port_info 0 /INPUT 1 "A";
    .port_info 1 /INPUT 1 "B";
    .port_info 2 /OUTPUT 1 "Y";
o0x7a041d3cf1f8 .functor BUFZ 1, C4<z>; HiZ drive
o0x7a041d3cf228 .functor BUFZ 1, C4<z>; HiZ drive
L_0x606acf9e45e0 .functor AND 1, o0x7a041d3cf1f8, o0x7a041d3cf228, C4<1>, C4<1>;
L_0x606acf9e4910 .functor NOT 1, L_0x606acf9e45e0, C4<0>, C4<0>, C4<0>;
v0x606acf9e5280_0 .net "A", 0 0, o0x7a041d3cf1f8;  0 drivers
v0x606acf9e56e0_0 .net "B", 0 0, o0x7a041d3cf228;  0 drivers
v0x606acfa2b600_0 .net "Y", 0 0, L_0x606acf9e4910;  1 drivers
v0x606acfa2b6a0_0 .net *"_ivl_0", 0 0, L_0x606acf9e45e0;  1 drivers
S_0x606acfa08ab0 .scope module, "NOR" "NOR" 2 19;
 .timescale -9 -12;
    .port_info 0 /INPUT 1 "A";
    .port_info 1 /INPUT 1 "B";
    .port_info 2 /OUTPUT 1 "Y";
o0x7a041d3cf348 .functor BUFZ 1, C4<z>; HiZ drive
o0x7a041d3cf378 .functor BUFZ 1, C4<z>; HiZ drive
L_0x606acf9e4d40 .functor OR 1, o0x7a041d3cf348, o0x7a041d3cf378, C4<0>, C4<0>;
L_0x606acf9e5120 .functor NOT 1, L_0x606acf9e4d40, C4<0>, C4<0>, C4<0>;
v0x606acfa2b800_0 .net "A", 0 0, o0x7a041d3cf348;  0 drivers
v0x606acfa2b8c0_0 .net "B", 0 0, o0x7a041d3cf378;  0 drivers
v0x606acfa2b980_0 .net "Y", 0 0, L_0x606acf9e5120;  1 drivers
v0x606acfa2ba20_0 .net *"_ivl_0", 0 0, L_0x606acf9e4d40;  1 drivers
S_0x606acfa098d0 .scope module, "NOT" "NOT" 2 7;
 .timescale -9 -12;
    .port_info 0 /INPUT 1 "A";
    .port_info 1 /OUTPUT 1 "Y";
o0x7a041d3cf498 .functor BUFZ 1, C4<z>; HiZ drive
L_0x606acf9e5580 .functor NOT 1, o0x7a041d3cf498, C4<0>, C4<0>, C4<0>;
v0x606acfa2bb80_0 .net "A", 0 0, o0x7a041d3cf498;  0 drivers
v0x606acfa2bc40_0 .net "Y", 0 0, L_0x606acf9e5580;  1 drivers
S_0x606acfa09ab0 .scope module, "testbench" "testbench" 3 6;
 .timescale -9 -12;
v0x606acfa2ea50_0 .net "CLK", 0 0, v0x606acfa2e160_0;  1 drivers
v0x606acfa2eb10_0 .net "RESET", 0 0, v0x606acfa2e220_0;  1 drivers
v0x606acfa2ec20_0 .net "advertencia", 0 0, v0x606acfa2ca10_0;  1 drivers
v0x606acfa2ecc0_0 .net "balance_actualizado", 63 0, v0x606acfa2cb90_0;  1 drivers
v0x606acfa2ed90_0 .net "balance_inicial", 63 0, v0x606acfa2e2c0_0;  1 drivers
v0x606acfa2eed0_0 .net "balance_stb", 0 0, v0x606acfa2ce80_0;  1 drivers
v0x606acfa2ef70_0 .net "bloqueo", 0 0, v0x606acfa2cf40_0;  1 drivers
v0x606acfa2f010_0 .net "digito", 3 0, v0x606acfa2e3c0_0;  1 drivers
v0x606acfa2f100_0 .net "digito_stb", 0 0, v0x606acfa2e490_0;  1 drivers
v0x606acfa2f1a0_0 .net "entregar_dinero", 0 0, v0x606acfa2d1a0_0;  1 drivers
v0x606acfa2f240_0 .net "fondos_insuficientes", 0 0, v0x606acfa2d260_0;  1 drivers
v0x606acfa2f2e0_0 .net "monto", 31 0, v0x606acfa2e580_0;  1 drivers
v0x606acfa2f3d0_0 .net "monto_stb", 0 0, v0x606acfa2e650_0;  1 drivers
v0x606acfa2f4c0_0 .net "pin_correcto", 15 0, v0x606acfa2e720_0;  1 drivers
v0x606acfa2f5b0_0 .net "pin_incorrecto", 0 0, v0x606acfa2d950_0;  1 drivers
v0x606acfa2f650_0 .net "tarjeta_received", 0 0, v0x606acfa2e7f0_0;  1 drivers
v0x606acfa2f740_0 .net "tipo_trans", 0 0, v0x606acfa2e8c0_0;  1 drivers
S_0x606acfa2bd60 .scope module, "DUT" "maquina_estados" 3 35, 4 4 0, S_0x606acfa09ab0;
 .timescale -9 -12;
    .port_info 0 /INPUT 1 "CLK";
    .port_info 1 /INPUT 1 "RESET";
    .port_info 2 /INPUT 1 "tarjeta_received";
    .port_info 3 /INPUT 16 "pin_correcto";
    .port_info 4 /INPUT 4 "digito";
    .port_info 5 /INPUT 1 "digito_stb";
    .port_info 6 /INPUT 1 "tipo_trans";
    .port_info 7 /INPUT 32 "monto";
    .port_info 8 /INPUT 1 "monto_stb";
    .port_info 9 /INPUT 64 "balance_inicial";
    .port_info 10 /OUTPUT 64 "balance_actualizado";
    .port_info 11 /OUTPUT 1 "balance_stb";
    .port_info 12 /OUTPUT 1 "entregar_dinero";
    .port_info 13 /OUTPUT 1 "fondos_insuficientes";
    .port_info 14 /OUTPUT 1 "pin_incorrecto";
    .port_info 15 /OUTPUT 1 "advertencia";
    .port_info 16 /OUTPUT 1 "bloqueo";
P_0x606acfa2bf40 .param/l "S_CHECK_PIN" 0 4 28, C4<0010>;
P_0x606acfa2bf80 .param/l "S_DEPOSIT" 0 4 32, C4<0110>;
P_0x606acfa2bfc0 .param/l "S_IDLE" 0 4 26, C4<0000>;
P_0x606acfa2c000 .param/l "S_INCORRECT" 0 4 29, C4<0011>;
P_0x606acfa2c040 .param/l "S_INSUFFICIENT" 0 4 35, C4<1001>;
P_0x606acfa2c080 .param/l "S_LOCKED" 0 4 30, C4<0100>;
P_0x606acfa2c0c0 .param/l "S_PIN_ENTRY" 0 4 27, C4<0001>;
P_0x606acfa2c100 .param/l "S_TRANS_TYPE" 0 4 31, C4<0101>;
P_0x606acfa2c140 .param/l "S_WITHDRAW" 0 4 34, C4<1000>;
P_0x606acfa2c180 .param/l "S_WITHDRAW_CHECK" 0 4 33, C4<0111>;
v0x606acfa2c870_0 .net "CLK", 0 0, v0x606acfa2e160_0;  alias, 1 drivers
v0x606acfa2c950_0 .net "RESET", 0 0, v0x606acfa2e220_0;  alias, 1 drivers
v0x606acfa2ca10_0 .var "advertencia", 0 0;
v0x606acfa2cab0_0 .var "attempts", 1 0;
v0x606acfa2cb90_0 .var "balance_actualizado", 63 0;
v0x606acfa2ccc0_0 .net "balance_inicial", 63 0, v0x606acfa2e2c0_0;  alias, 1 drivers
v0x606acfa2cda0_0 .var "balance_reg", 63 0;
v0x606acfa2ce80_0 .var "balance_stb", 0 0;
v0x606acfa2cf40_0 .var "bloqueo", 0 0;
v0x606acfa2d000_0 .net "digito", 3 0, v0x606acfa2e3c0_0;  alias, 1 drivers
v0x606acfa2d0e0_0 .net "digito_stb", 0 0, v0x606acfa2e490_0;  alias, 1 drivers
v0x606acfa2d1a0_0 .var "entregar_dinero", 0 0;
v0x606acfa2d260_0 .var "fondos_insuficientes", 0 0;
v0x606acfa2d320_0 .net "monto", 31 0, v0x606acfa2e580_0;  alias, 1 drivers
v0x606acfa2d400_0 .net "monto_stb", 0 0, v0x606acfa2e650_0;  alias, 1 drivers
v0x606acfa2d4c0_0 .var "next_state", 3 0;
v0x606acfa2d5a0_0 .var "pin_buffer", 15 0;
v0x606acfa2d790_0 .net "pin_correcto", 15 0, v0x606acfa2e720_0;  alias, 1 drivers
v0x606acfa2d870_0 .var "pin_idx", 1 0;
v0x606acfa2d950_0 .var "pin_incorrecto", 0 0;
v0x606acfa2da10_0 .var "state", 3 0;
v0x606acfa2daf0_0 .net "tarjeta_received", 0 0, v0x606acfa2e7f0_0;  alias, 1 drivers
v0x606acfa2dbb0_0 .net "tipo_trans", 0 0, v0x606acfa2e8c0_0;  alias, 1 drivers
E_0x606acf9d4290/0 .event anyedge, v0x606acfa2da10_0, v0x606acfa2cda0_0, v0x606acfa2daf0_0, v0x606acfa2d0e0_0;
E_0x606acf9d4290/1 .event anyedge, v0x606acfa2d870_0, v0x606acfa2d5a0_0, v0x606acfa2d790_0, v0x606acfa2cab0_0;
E_0x606acf9d4290/2 .event anyedge, v0x606acfa2d400_0, v0x606acfa2dbb0_0, v0x606acfa2d320_0;
E_0x606acf9d4290 .event/or E_0x606acf9d4290/0, E_0x606acf9d4290/1, E_0x606acf9d4290/2;
E_0x606acfa0fa40/0 .event negedge, v0x606acfa2c950_0;
E_0x606acfa0fa40/1 .event posedge, v0x606acfa2c870_0;
E_0x606acfa0fa40 .event/or E_0x606acfa0fa40/0, E_0x606acfa0fa40/1;
S_0x606acfa2de90 .scope module, "TB" "tester" 3 21, 5 4 0, S_0x606acfa09ab0;
 .timescale -9 -12;
    .port_info 0 /OUTPUT 1 "CLK";
    .port_info 1 /OUTPUT 1 "RESET";
    .port_info 2 /OUTPUT 1 "tarjeta_received";
    .port_info 3 /OUTPUT 16 "pin_correcto";
    .port_info 4 /OUTPUT 4 "digito";
    .port_info 5 /OUTPUT 1 "digito_stb";
    .port_info 6 /OUTPUT 1 "tipo_trans";
    .port_info 7 /OUTPUT 32 "monto";
    .port_info 8 /OUTPUT 1 "monto_stb";
    .port_info 9 /OUTPUT 64 "balance_inicial";
v0x606acfa2e160_0 .var "CLK", 0 0;
v0x606acfa2e220_0 .var "RESET", 0 0;
v0x606acfa2e2c0_0 .var "balance_inicial", 63 0;
v0x606acfa2e3c0_0 .var "digito", 3 0;
v0x606acfa2e490_0 .var "digito_stb", 0 0;
v0x606acfa2e580_0 .var "monto", 31 0;
v0x606acfa2e650_0 .var "monto_stb", 0 0;
v0x606acfa2e720_0 .var "pin_correcto", 15 0;
v0x606acfa2e7f0_0 .var "tarjeta_received", 0 0;
v0x606acfa2e8c0_0 .var "tipo_trans", 0 0;
E_0x606acfa0fa80 .event posedge, v0x606acfa2c870_0;
    .scope S_0x606acfa0a9e0;
T_0 ;
    %wait E_0x606acfa07a00;
    %load/vec4 v0x606acf9e4a70_0;
    %assign/vec4 v0x606acf9e4ea0_0, 0;
    %jmp T_0;
    .thread T_0;
    .scope S_0x606acfa2de90;
T_1 ;
    %pushi/vec4 0, 0, 1;
    %store/vec4 v0x606acfa2e160_0, 0, 1;
    %end;
    .thread T_1;
    .scope S_0x606acfa2de90;
T_2 ;
    %delay 5000, 0;
    %load/vec4 v0x606acfa2e160_0;
    %inv;
    %store/vec4 v0x606acfa2e160_0, 0, 1;
    %jmp T_2;
    .thread T_2;
    .scope S_0x606acfa2de90;
T_3 ;
    %pushi/vec4 0, 0, 1;
    %store/vec4 v0x606acfa2e220_0, 0, 1;
    %pushi/vec4 0, 0, 1;
    %store/vec4 v0x606acfa2e7f0_0, 0, 1;
    %pushi/vec4 4660, 0, 16;
    %store/vec4 v0x606acfa2e720_0, 0, 16;
    %pushi/vec4 0, 0, 4;
    %store/vec4 v0x606acfa2e3c0_0, 0, 4;
    %pushi/vec4 0, 0, 1;
    %store/vec4 v0x606acfa2e490_0, 0, 1;
    %pushi/vec4 0, 0, 1;
    %store/vec4 v0x606acfa2e8c0_0, 0, 1;
    %pushi/vec4 0, 0, 32;
    %store/vec4 v0x606acfa2e580_0, 0, 32;
    %pushi/vec4 0, 0, 1;
    %store/vec4 v0x606acfa2e650_0, 0, 1;
    %pushi/vec4 100, 0, 64;
    %store/vec4 v0x606acfa2e2c0_0, 0, 64;
    %delay 20000, 0;
    %pushi/vec4 1, 0, 1;
    %store/vec4 v0x606acfa2e220_0, 0, 1;
    %delay 20000, 0;
    %pushi/vec4 1, 0, 1;
    %store/vec4 v0x606acfa2e7f0_0, 0, 1;
    %pushi/vec4 4, 0, 32;
T_3.0 %dup/vec4;
    %pushi/vec4 0, 0, 32;
    %cmp/s;
    %jmp/1xz T_3.1, 5;
    %jmp/1 T_3.1, 4;
    %pushi/vec4 1, 0, 32;
    %sub;
    %wait E_0x606acfa0fa80;
    %pushi/vec4 5, 0, 4;
    %store/vec4 v0x606acfa2e3c0_0, 0, 4;
    %pushi/vec4 1, 0, 1;
    %store/vec4 v0x606acfa2e490_0, 0, 1;
    %wait E_0x606acfa0fa80;
    %pushi/vec4 0, 0, 1;
    %store/vec4 v0x606acfa2e490_0, 0, 1;
    %jmp T_3.0;
T_3.1 ;
    %pop/vec4 1;
    %wait E_0x606acfa0fa80;
    %pushi/vec4 0, 0, 1;
    %store/vec4 v0x606acfa2e7f0_0, 0, 1;
    %delay 20000, 0;
    %wait E_0x606acfa0fa80;
    %pushi/vec4 1, 0, 1;
    %store/vec4 v0x606acfa2e7f0_0, 0, 1;
    %pushi/vec4 4, 0, 32;
T_3.2 %dup/vec4;
    %pushi/vec4 0, 0, 32;
    %cmp/s;
    %jmp/1xz T_3.3, 5;
    %jmp/1 T_3.3, 4;
    %pushi/vec4 1, 0, 32;
    %sub;
    %wait E_0x606acfa0fa80;
    %pushi/vec4 6, 0, 4;
    %store/vec4 v0x606acfa2e3c0_0, 0, 4;
    %pushi/vec4 1, 0, 1;
    %store/vec4 v0x606acfa2e490_0, 0, 1;
    %wait E_0x606acfa0fa80;
    %pushi/vec4 0, 0, 1;
    %store/vec4 v0x606acfa2e490_0, 0, 1;
    %jmp T_3.2;
T_3.3 ;
    %pop/vec4 1;
    %wait E_0x606acfa0fa80;
    %pushi/vec4 0, 0, 1;
    %store/vec4 v0x606acfa2e7f0_0, 0, 1;
    %delay 20000, 0;
    %wait E_0x606acfa0fa80;
    %pushi/vec4 1, 0, 1;
    %store/vec4 v0x606acfa2e7f0_0, 0, 1;
    %wait E_0x606acfa0fa80;
    %pushi/vec4 1, 0, 4;
    %store/vec4 v0x606acfa2e3c0_0, 0, 4;
    %pushi/vec4 1, 0, 1;
    %store/vec4 v0x606acfa2e490_0, 0, 1;
    %wait E_0x606acfa0fa80;
    %pushi/vec4 0, 0, 1;
    %store/vec4 v0x606acfa2e490_0, 0, 1;
    %wait E_0x606acfa0fa80;
    %pushi/vec4 2, 0, 4;
    %store/vec4 v0x606acfa2e3c0_0, 0, 4;
    %pushi/vec4 1, 0, 1;
    %store/vec4 v0x606acfa2e490_0, 0, 1;
    %wait E_0x606acfa0fa80;
    %pushi/vec4 0, 0, 1;
    %store/vec4 v0x606acfa2e490_0, 0, 1;
    %wait E_0x606acfa0fa80;
    %pushi/vec4 3, 0, 4;
    %store/vec4 v0x606acfa2e3c0_0, 0, 4;
    %pushi/vec4 1, 0, 1;
    %store/vec4 v0x606acfa2e490_0, 0, 1;
    %wait E_0x606acfa0fa80;
    %pushi/vec4 0, 0, 1;
    %store/vec4 v0x606acfa2e490_0, 0, 1;
    %wait E_0x606acfa0fa80;
    %pushi/vec4 4, 0, 4;
    %store/vec4 v0x606acfa2e3c0_0, 0, 4;
    %pushi/vec4 1, 0, 1;
    %store/vec4 v0x606acfa2e490_0, 0, 1;
    %wait E_0x606acfa0fa80;
    %pushi/vec4 0, 0, 1;
    %store/vec4 v0x606acfa2e490_0, 0, 1;
    %wait E_0x606acfa0fa80;
    %pushi/vec4 0, 0, 1;
    %store/vec4 v0x606acfa2e7f0_0, 0, 1;
    %delay 20000, 0;
    %pushi/vec4 0, 0, 1;
    %store/vec4 v0x606acfa2e8c0_0, 0, 1;
    %pushi/vec4 50, 0, 32;
    %store/vec4 v0x606acfa2e580_0, 0, 32;
    %wait E_0x606acfa0fa80;
    %pushi/vec4 1, 0, 1;
    %store/vec4 v0x606acfa2e650_0, 0, 1;
    %wait E_0x606acfa0fa80;
    %pushi/vec4 0, 0, 1;
    %store/vec4 v0x606acfa2e650_0, 0, 1;
    %delay 100000, 0;
    %vpi_call 5 89 "$finish" {0 0 0};
    %end;
    .thread T_3;
    .scope S_0x606acfa2bd60;
T_4 ;
    %wait E_0x606acfa0fa40;
    %load/vec4 v0x606acfa2c950_0;
    %nor/r;
    %flag_set/vec4 8;
    %jmp/0xz  T_4.0, 8;
    %pushi/vec4 0, 0, 4;
    %assign/vec4 v0x606acfa2da10_0, 0;
    %pushi/vec4 0, 0, 2;
    %assign/vec4 v0x606acfa2cab0_0, 0;
    %pushi/vec4 0, 0, 2;
    %assign/vec4 v0x606acfa2d870_0, 0;
    %pushi/vec4 0, 0, 16;
    %assign/vec4 v0x606acfa2d5a0_0, 0;
    %pushi/vec4 0, 0, 64;
    %assign/vec4 v0x606acfa2cda0_0, 0;
    %jmp T_4.1;
T_4.0 ;
    %load/vec4 v0x606acfa2d4c0_0;
    %assign/vec4 v0x606acfa2da10_0, 0;
    %load/vec4 v0x606acfa2da10_0;
    %cmpi/e 1, 0, 4;
    %flag_get/vec4 4;
    %jmp/0 T_4.4, 4;
    %load/vec4 v0x606acfa2d0e0_0;
    %and;
T_4.4;
    %flag_set/vec4 8;
    %jmp/0xz  T_4.2, 8;
    %load/vec4 v0x606acfa2d5a0_0;
    %parti/s 12, 0, 2;
    %load/vec4 v0x606acfa2d000_0;
    %concat/vec4; draw_concat_vec4
    %assign/vec4 v0x606acfa2d5a0_0, 0;
    %load/vec4 v0x606acfa2d870_0;
    %addi 1, 0, 2;
    %assign/vec4 v0x606acfa2d870_0, 0;
T_4.2 ;
    %load/vec4 v0x606acfa2da10_0;
    %cmpi/e 2, 0, 4;
    %jmp/0xz  T_4.5, 4;
    %load/vec4 v0x606acfa2d5a0_0;
    %load/vec4 v0x606acfa2d790_0;
    %cmp/ne;
    %jmp/0xz  T_4.7, 4;
    %load/vec4 v0x606acfa2cab0_0;
    %addi 1, 0, 2;
    %assign/vec4 v0x606acfa2cab0_0, 0;
    %jmp T_4.8;
T_4.7 ;
    %load/vec4 v0x606acfa2ccc0_0;
    %assign/vec4 v0x606acfa2cda0_0, 0;
T_4.8 ;
T_4.5 ;
    %load/vec4 v0x606acfa2da10_0;
    %cmpi/e 6, 0, 4;
    %jmp/0xz  T_4.9, 4;
    %load/vec4 v0x606acfa2cda0_0;
    %load/vec4 v0x606acfa2d320_0;
    %pad/u 64;
    %add;
    %assign/vec4 v0x606acfa2cda0_0, 0;
T_4.9 ;
    %load/vec4 v0x606acfa2da10_0;
    %cmpi/e 8, 0, 4;
    %jmp/0xz  T_4.11, 4;
    %load/vec4 v0x606acfa2cda0_0;
    %load/vec4 v0x606acfa2d320_0;
    %pad/u 64;
    %sub;
    %assign/vec4 v0x606acfa2cda0_0, 0;
T_4.11 ;
T_4.1 ;
    %jmp T_4;
    .thread T_4;
    .scope S_0x606acfa2bd60;
T_5 ;
    %wait E_0x606acf9d4290;
    %load/vec4 v0x606acfa2da10_0;
    %store/vec4 v0x606acfa2d4c0_0, 0, 4;
    %pushi/vec4 0, 0, 1;
    %store/vec4 v0x606acfa2d950_0, 0, 1;
    %pushi/vec4 0, 0, 1;
    %store/vec4 v0x606acfa2ca10_0, 0, 1;
    %pushi/vec4 0, 0, 1;
    %store/vec4 v0x606acfa2cf40_0, 0, 1;
    %pushi/vec4 0, 0, 1;
    %store/vec4 v0x606acfa2ce80_0, 0, 1;
    %pushi/vec4 0, 0, 1;
    %store/vec4 v0x606acfa2d1a0_0, 0, 1;
    %pushi/vec4 0, 0, 1;
    %store/vec4 v0x606acfa2d260_0, 0, 1;
    %load/vec4 v0x606acfa2cda0_0;
    %store/vec4 v0x606acfa2cb90_0, 0, 64;
    %load/vec4 v0x606acfa2da10_0;
    %dup/vec4;
    %pushi/vec4 0, 0, 4;
    %cmp/u;
    %jmp/1 T_5.0, 6;
    %dup/vec4;
    %pushi/vec4 1, 0, 4;
    %cmp/u;
    %jmp/1 T_5.1, 6;
    %dup/vec4;
    %pushi/vec4 2, 0, 4;
    %cmp/u;
    %jmp/1 T_5.2, 6;
    %dup/vec4;
    %pushi/vec4 3, 0, 4;
    %cmp/u;
    %jmp/1 T_5.3, 6;
    %dup/vec4;
    %pushi/vec4 4, 0, 4;
    %cmp/u;
    %jmp/1 T_5.4, 6;
    %dup/vec4;
    %pushi/vec4 5, 0, 4;
    %cmp/u;
    %jmp/1 T_5.5, 6;
    %dup/vec4;
    %pushi/vec4 6, 0, 4;
    %cmp/u;
    %jmp/1 T_5.6, 6;
    %dup/vec4;
    %pushi/vec4 7, 0, 4;
    %cmp/u;
    %jmp/1 T_5.7, 6;
    %dup/vec4;
    %pushi/vec4 8, 0, 4;
    %cmp/u;
    %jmp/1 T_5.8, 6;
    %dup/vec4;
    %pushi/vec4 9, 0, 4;
    %cmp/u;
    %jmp/1 T_5.9, 6;
    %pushi/vec4 0, 0, 4;
    %store/vec4 v0x606acfa2d4c0_0, 0, 4;
    %jmp T_5.11;
T_5.0 ;
    %load/vec4 v0x606acfa2daf0_0;
    %flag_set/vec4 8;
    %jmp/0xz  T_5.12, 8;
    %pushi/vec4 1, 0, 4;
    %store/vec4 v0x606acfa2d4c0_0, 0, 4;
T_5.12 ;
    %jmp T_5.11;
T_5.1 ;
    %load/vec4 v0x606acfa2d0e0_0;
    %flag_set/vec4 9;
    %flag_get/vec4 9;
    %jmp/0 T_5.16, 9;
    %load/vec4 v0x606acfa2d870_0;
    %pushi/vec4 3, 0, 2;
    %cmp/e;
    %flag_get/vec4 4;
    %and;
T_5.16;
    %flag_set/vec4 8;
    %jmp/0xz  T_5.14, 8;
    %pushi/vec4 2, 0, 4;
    %store/vec4 v0x606acfa2d4c0_0, 0, 4;
T_5.14 ;
    %jmp T_5.11;
T_5.2 ;
    %load/vec4 v0x606acfa2d5a0_0;
    %load/vec4 v0x606acfa2d790_0;
    %cmp/e;
    %jmp/0xz  T_5.17, 4;
    %pushi/vec4 5, 0, 4;
    %store/vec4 v0x606acfa2d4c0_0, 0, 4;
    %jmp T_5.18;
T_5.17 ;
    %load/vec4 v0x606acfa2cab0_0;
    %cmpi/e 2, 0, 2;
    %jmp/0xz  T_5.19, 4;
    %pushi/vec4 4, 0, 4;
    %store/vec4 v0x606acfa2d4c0_0, 0, 4;
    %jmp T_5.20;
T_5.19 ;
    %pushi/vec4 3, 0, 4;
    %store/vec4 v0x606acfa2d4c0_0, 0, 4;
T_5.20 ;
T_5.18 ;
    %jmp T_5.11;
T_5.3 ;
    %pushi/vec4 1, 0, 1;
    %store/vec4 v0x606acfa2d950_0, 0, 1;
    %load/vec4 v0x606acfa2cab0_0;
    %cmpi/e 2, 0, 2;
    %jmp/0xz  T_5.21, 4;
    %pushi/vec4 1, 0, 1;
    %store/vec4 v0x606acfa2ca10_0, 0, 1;
T_5.21 ;
    %pushi/vec4 1, 0, 4;
    %store/vec4 v0x606acfa2d4c0_0, 0, 4;
    %jmp T_5.11;
T_5.4 ;
    %pushi/vec4 1, 0, 1;
    %store/vec4 v0x606acfa2cf40_0, 0, 1;
    %pushi/vec4 4, 0, 4;
    %store/vec4 v0x606acfa2d4c0_0, 0, 4;
    %jmp T_5.11;
T_5.5 ;
    %load/vec4 v0x606acfa2d400_0;
    %flag_set/vec4 8;
    %jmp/0xz  T_5.23, 8;
    %load/vec4 v0x606acfa2dbb0_0;
    %cmpi/e 0, 0, 1;
    %flag_mov 8, 4;
    %jmp/0 T_5.25, 8;
    %pushi/vec4 6, 0, 4;
    %jmp/1 T_5.26, 8;
T_5.25 ; End of true expr.
    %pushi/vec4 7, 0, 4;
    %jmp/0 T_5.26, 8;
 ; End of false expr.
    %blend;
T_5.26;
    %store/vec4 v0x606acfa2d4c0_0, 0, 4;
T_5.23 ;
    %jmp T_5.11;
T_5.6 ;
    %pushi/vec4 1, 0, 1;
    %store/vec4 v0x606acfa2ce80_0, 0, 1;
    %pushi/vec4 0, 0, 4;
    %store/vec4 v0x606acfa2d4c0_0, 0, 4;
    %jmp T_5.11;
T_5.7 ;
    %load/vec4 v0x606acfa2d320_0;
    %pad/u 64;
    %load/vec4 v0x606acfa2cda0_0;
    %cmp/u;
    %flag_or 5, 4;
    %jmp/0xz  T_5.27, 5;
    %pushi/vec4 8, 0, 4;
    %store/vec4 v0x606acfa2d4c0_0, 0, 4;
    %jmp T_5.28;
T_5.27 ;
    %pushi/vec4 9, 0, 4;
    %store/vec4 v0x606acfa2d4c0_0, 0, 4;
T_5.28 ;
    %jmp T_5.11;
T_5.8 ;
    %pushi/vec4 1, 0, 1;
    %store/vec4 v0x606acfa2ce80_0, 0, 1;
    %pushi/vec4 1, 0, 1;
    %store/vec4 v0x606acfa2d1a0_0, 0, 1;
    %pushi/vec4 0, 0, 4;
    %store/vec4 v0x606acfa2d4c0_0, 0, 4;
    %jmp T_5.11;
T_5.9 ;
    %pushi/vec4 1, 0, 1;
    %store/vec4 v0x606acfa2d260_0, 0, 1;
    %pushi/vec4 0, 0, 4;
    %store/vec4 v0x606acfa2d4c0_0, 0, 4;
    %jmp T_5.11;
T_5.11 ;
    %pop/vec4 1;
    %jmp T_5;
    .thread T_5, $push;
    .scope S_0x606acfa09ab0;
T_6 ;
    %vpi_call 3 56 "$dumpfile", "maquina_estados.vcd" {0 0 0};
    %vpi_call 3 57 "$dumpvars", 32'sb00000000000000000000000000000000, S_0x606acfa09ab0 {0 0 0};
    %end;
    .thread T_6;
# The file index is used to find the file name in the following table.
:file_names 6;
    "N/A";
    "<interactive>";
    "cmos_cells.v";
    "testbench.v";
    "maquina_estados.v";
    "tester.v";
