#! /usr/bin/vvp
:ivl_version "12.0 (stable)";
:ivl_delay_selection "TYPICAL";
:vpi_time_precision + 0;
:vpi_module "/usr/lib/x86_64-linux-gnu/ivl/system.vpi";
:vpi_module "/usr/lib/x86_64-linux-gnu/ivl/vhdl_sys.vpi";
:vpi_module "/usr/lib/x86_64-linux-gnu/ivl/vhdl_textio.vpi";
:vpi_module "/usr/lib/x86_64-linux-gnu/ivl/v2005_math.vpi";
:vpi_module "/usr/lib/x86_64-linux-gnu/ivl/va_math.vpi";
S_0x55f646d80630 .scope module, "tarea_3_tb" "tarea_3_tb" 2 4;
 .timescale 0 0;
v0x55f646db22f0_0 .net "ADVERTENCIA", 0 0, v0x55f646db0af0_0;  1 drivers
v0x55f646db23b0_0 .net "BALANCE_ACTUALIZADO", 63 0, v0x55f646db0bb0_0;  1 drivers
v0x55f646db24c0_0 .net "BALANCE_INICIAL", 63 0, v0x55f646daf630_0;  1 drivers
v0x55f646db25b0_0 .net "BALANCE_STB", 0 0, v0x55f646db0e40_0;  1 drivers
v0x55f646db26a0_0 .net "BLOQUEO", 0 0, v0x55f646db0fd0_0;  1 drivers
v0x55f646db27e0_0 .net "DIGITO", 3 0, v0x55f646daf8c0_0;  1 drivers
v0x55f646db28f0_0 .net "DIGITO_STB", 0 0, v0x55f646daf9a0_0;  1 drivers
v0x55f646db29e0_0 .net "ENTREGAR_DINERO", 0 0, v0x55f646db12e0_0;  1 drivers
v0x55f646db2ad0_0 .net "FONDOS_INSUFICIENTES", 0 0, v0x55f646db13b0_0;  1 drivers
v0x55f646db2b70_0 .net "MONTO", 31 0, v0x55f646dafbe0_0;  1 drivers
v0x55f646db2c80_0 .net "MONTO_STB", 0 0, v0x55f646dafcc0_0;  1 drivers
v0x55f646db2d70_0 .net "PIN_CORRECTO", 15 0, v0x55f646dafd80_0;  1 drivers
v0x55f646db2e80_0 .net "PIN_INCORRECTO", 0 0, v0x55f646db16f0_0;  1 drivers
v0x55f646db2f70_0 .net "TARJETA_RECIBIDA", 0 0, v0x55f646daff20_0;  1 drivers
v0x55f646db3060_0 .net "TIPO_TRANS", 0 0, v0x55f646daffe0_0;  1 drivers
v0x55f646db3150_0 .net "clock", 0 0, v0x55f646db00a0_0;  1 drivers
v0x55f646db3240_0 .net "reset", 0 0, v0x55f646db0160_0;  1 drivers
S_0x55f646d807c0 .scope module, "PO" "probador" 2 54, 3 4 0, S_0x55f646d80630;
 .timescale 0 0;
    .port_info 0 /OUTPUT 1 "clock";
    .port_info 1 /OUTPUT 1 "reset";
    .port_info 2 /OUTPUT 1 "TARJETA_RECIBIDA";
    .port_info 3 /OUTPUT 1 "DIGITO_STB";
    .port_info 4 /OUTPUT 4 "DIGITO";
    .port_info 5 /OUTPUT 16 "PIN_CORRECTO";
    .port_info 6 /OUTPUT 32 "MONTO";
    .port_info 7 /OUTPUT 1 "MONTO_STB";
    .port_info 8 /OUTPUT 64 "BALANCE_INICIAL";
    .port_info 9 /OUTPUT 1 "TIPO_TRANS";
    .port_info 10 /INPUT 1 "BALANCE_STB";
    .port_info 11 /INPUT 64 "BALANCE_ACTUALIZADO";
    .port_info 12 /INPUT 1 "ENTREGAR_DINERO";
    .port_info 13 /INPUT 1 "PIN_INCORRECTO";
    .port_info 14 /INPUT 1 "ADVERTENCIA";
    .port_info 15 /INPUT 1 "BLOQUEO";
    .port_info 16 /INPUT 1 "FONDOS_INSUFICIENTES";
v0x55f646d43630_0 .net "ADVERTENCIA", 0 0, v0x55f646db0af0_0;  alias, 1 drivers
v0x55f646daf550_0 .net "BALANCE_ACTUALIZADO", 63 0, v0x55f646db0bb0_0;  alias, 1 drivers
v0x55f646daf630_0 .var "BALANCE_INICIAL", 63 0;
v0x55f646daf6f0_0 .net "BALANCE_STB", 0 0, v0x55f646db0e40_0;  alias, 1 drivers
v0x55f646daf7b0_0 .net "BLOQUEO", 0 0, v0x55f646db0fd0_0;  alias, 1 drivers
v0x55f646daf8c0_0 .var "DIGITO", 3 0;
v0x55f646daf9a0_0 .var "DIGITO_STB", 0 0;
v0x55f646dafa60_0 .net "ENTREGAR_DINERO", 0 0, v0x55f646db12e0_0;  alias, 1 drivers
v0x55f646dafb20_0 .net "FONDOS_INSUFICIENTES", 0 0, v0x55f646db13b0_0;  alias, 1 drivers
v0x55f646dafbe0_0 .var "MONTO", 31 0;
v0x55f646dafcc0_0 .var "MONTO_STB", 0 0;
v0x55f646dafd80_0 .var "PIN_CORRECTO", 15 0;
v0x55f646dafe60_0 .net "PIN_INCORRECTO", 0 0, v0x55f646db16f0_0;  alias, 1 drivers
v0x55f646daff20_0 .var "TARJETA_RECIBIDA", 0 0;
v0x55f646daffe0_0 .var "TIPO_TRANS", 0 0;
v0x55f646db00a0_0 .var "clock", 0 0;
v0x55f646db0160_0 .var "reset", 0 0;
S_0x55f646db0440 .scope module, "UO" "cajero" 2 33, 4 4 0, S_0x55f646d80630;
 .timescale 0 0;
    .port_info 0 /INPUT 1 "clock";
    .port_info 1 /INPUT 1 "reset";
    .port_info 2 /INPUT 1 "TARJETA_RECIBIDA";
    .port_info 3 /INPUT 1 "DIGITO_STB";
    .port_info 4 /INPUT 4 "DIGITO";
    .port_info 5 /INPUT 16 "PIN_CORRECTO";
    .port_info 6 /INPUT 32 "MONTO";
    .port_info 7 /INPUT 1 "MONTO_STB";
    .port_info 8 /INPUT 64 "BALANCE_INICIAL";
    .port_info 9 /INPUT 1 "TIPO_TRANS";
    .port_info 10 /OUTPUT 1 "BALANCE_STB";
    .port_info 11 /OUTPUT 64 "BALANCE_ACTUALIZADO";
    .port_info 12 /OUTPUT 1 "ENTREGAR_DINERO";
    .port_info 13 /OUTPUT 1 "PIN_INCORRECTO";
    .port_info 14 /OUTPUT 1 "ADVERTENCIA";
    .port_info 15 /OUTPUT 1 "BLOQUEO";
    .port_info 16 /OUTPUT 1 "FONDOS_INSUFICIENTES";
P_0x55f646db05f0 .param/l "DINERO" 0 4 44, C4<11>;
P_0x55f646db0630 .param/l "IDLE" 0 4 41, C4<00>;
P_0x55f646db0670 .param/l "INICIO" 0 4 42, C4<01>;
P_0x55f646db06b0 .param/l "TRANSACCION" 0 4 43, C4<10>;
v0x55f646db0af0_0 .var "ADVERTENCIA", 0 0;
v0x55f646db0bb0_0 .var "BALANCE_ACTUALIZADO", 63 0;
v0x55f646db0c80_0 .var "BALANCE_ACTUALIZADO_siguiente", 63 0;
v0x55f646db0d50_0 .net "BALANCE_INICIAL", 63 0, v0x55f646daf630_0;  alias, 1 drivers
v0x55f646db0e40_0 .var "BALANCE_STB", 0 0;
v0x55f646db0f30_0 .var "BALANCE_STB_siguiente", 0 0;
v0x55f646db0fd0_0 .var "BLOQUEO", 0 0;
v0x55f646db10a0_0 .net "DIGITO", 3 0, v0x55f646daf8c0_0;  alias, 1 drivers
v0x55f646db1170_0 .net "DIGITO_STB", 0 0, v0x55f646daf9a0_0;  alias, 1 drivers
v0x55f646db1240_0 .var "DIGITO_STB_ANTERIOR", 0 0;
v0x55f646db12e0_0 .var "ENTREGAR_DINERO", 0 0;
v0x55f646db13b0_0 .var "FONDOS_INSUFICIENTES", 0 0;
v0x55f646db1480_0 .net "MONTO", 31 0, v0x55f646dafbe0_0;  alias, 1 drivers
v0x55f646db1550_0 .net "MONTO_STB", 0 0, v0x55f646dafcc0_0;  alias, 1 drivers
v0x55f646db1620_0 .net "PIN_CORRECTO", 15 0, v0x55f646dafd80_0;  alias, 1 drivers
v0x55f646db16f0_0 .var "PIN_INCORRECTO", 0 0;
v0x55f646db17c0_0 .net "TARJETA_RECIBIDA", 0 0, v0x55f646daff20_0;  alias, 1 drivers
v0x55f646db19a0_0 .net "TIPO_TRANS", 0 0, v0x55f646daffe0_0;  alias, 1 drivers
v0x55f646db1a70_0 .var "bandera_fondos_insuficientes", 0 0;
v0x55f646db1b10_0 .net "clock", 0 0, v0x55f646db00a0_0;  alias, 1 drivers
v0x55f646db1be0_0 .var "contador_DIGITO", 3 0;
v0x55f646db1c80_0 .var "contador_DIGITO_next", 3 0;
v0x55f646db1d20_0 .var "contador_balance_stb", 9 0;
v0x55f646db1dc0_0 .var "contador_balance_stb_siguiente", 9 0;
v0x55f646db1e60_0 .var "estado_actual", 1 0;
v0x55f646db1f40_0 .var "estado_siguiente", 1 0;
v0x55f646db2020_0 .net "reset", 0 0, v0x55f646db0160_0;  alias, 1 drivers
E_0x55f646d8cda0/0 .event anyedge, v0x55f646db1e60_0, v0x55f646db1be0_0, v0x55f646daff20_0, v0x55f646db1c80_0;
E_0x55f646d8cda0/1 .event anyedge, v0x55f646daf9a0_0, v0x55f646db1240_0, v0x55f646daf8c0_0, v0x55f646dafd80_0;
E_0x55f646d8cda0/2 .event anyedge, v0x55f646db1f40_0, v0x55f646dafbe0_0, v0x55f646daf630_0, v0x55f646db0c80_0;
E_0x55f646d8cda0 .event/or E_0x55f646d8cda0/0, E_0x55f646d8cda0/1, E_0x55f646d8cda0/2;
E_0x55f646d8d290 .event posedge, v0x55f646db00a0_0;
    .scope S_0x55f646db0440;
T_0 ;
    %pushi/vec4 0, 0, 4;
    %store/vec4 v0x55f646db1be0_0, 0, 4;
    %pushi/vec4 0, 0, 4;
    %store/vec4 v0x55f646db1c80_0, 0, 4;
    %pushi/vec4 0, 0, 10;
    %store/vec4 v0x55f646db1dc0_0, 0, 10;
    %pushi/vec4 0, 0, 10;
    %store/vec4 v0x55f646db1d20_0, 0, 10;
    %pushi/vec4 0, 0, 2;
    %store/vec4 v0x55f646db1e60_0, 0, 2;
    %pushi/vec4 0, 0, 2;
    %store/vec4 v0x55f646db1f40_0, 0, 2;
    %pushi/vec4 0, 0, 1;
    %store/vec4 v0x55f646db1240_0, 0, 1;
    %pushi/vec4 0, 0, 64;
    %store/vec4 v0x55f646db0c80_0, 0, 64;
    %pushi/vec4 0, 0, 1;
    %store/vec4 v0x55f646db1a70_0, 0, 1;
    %pushi/vec4 0, 0, 1;
    %store/vec4 v0x55f646db0f30_0, 0, 1;
    %end;
    .thread T_0;
    .scope S_0x55f646db0440;
T_1 ;
    %wait E_0x55f646d8d290;
    %load/vec4 v0x55f646db1f40_0;
    %assign/vec4 v0x55f646db1e60_0, 0;
    %load/vec4 v0x55f646db1c80_0;
    %assign/vec4 v0x55f646db1be0_0, 0;
    %load/vec4 v0x55f646db1170_0;
    %assign/vec4 v0x55f646db1240_0, 0;
    %load/vec4 v0x55f646db0c80_0;
    %assign/vec4 v0x55f646db0bb0_0, 0;
    %load/vec4 v0x55f646db1a70_0;
    %assign/vec4 v0x55f646db13b0_0, 0;
    %load/vec4 v0x55f646db0f30_0;
    %assign/vec4 v0x55f646db0e40_0, 0;
    %jmp T_1;
    .thread T_1;
    .scope S_0x55f646db0440;
T_2 ;
    %wait E_0x55f646d8cda0;
    %load/vec4 v0x55f646db1e60_0;
    %store/vec4 v0x55f646db1f40_0, 0, 2;
    %load/vec4 v0x55f646db1be0_0;
    %store/vec4 v0x55f646db1c80_0, 0, 4;
    %pushi/vec4 0, 0, 1;
    %store/vec4 v0x55f646db0f30_0, 0, 1;
    %load/vec4 v0x55f646db1e60_0;
    %cmpi/e 0, 0, 2;
    %jmp/0xz  T_2.0, 4;
    %load/vec4 v0x55f646db17c0_0;
    %flag_set/vec4 9;
    %flag_get/vec4 9;
    %jmp/0 T_2.4, 9;
    %load/vec4 v0x55f646db1c80_0;
    %pad/u 32;
    %pushi/vec4 0, 0, 32;
    %cmp/e;
    %flag_get/vec4 4;
    %and;
T_2.4;
    %flag_set/vec4 8;
    %jmp/0xz  T_2.2, 8;
    %pushi/vec4 1, 0, 2;
    %store/vec4 v0x55f646db1f40_0, 0, 2;
T_2.2 ;
T_2.0 ;
    %load/vec4 v0x55f646db1e60_0;
    %cmpi/e 1, 0, 2;
    %jmp/0xz  T_2.5, 4;
    %load/vec4 v0x55f646db1170_0;
    %pad/u 32;
    %cmpi/e 1, 0, 32;
    %flag_get/vec4 4;
    %jmp/0 T_2.10, 4;
    %load/vec4 v0x55f646db1be0_0;
    %pad/u 32;
    %cmpi/u 4, 0, 32;
    %flag_get/vec4 5;
    %and;
T_2.10;
    %flag_set/vec4 9;
    %flag_get/vec4 9;
    %jmp/0 T_2.9, 9;
    %load/vec4 v0x55f646db1240_0;
    %pad/u 32;
    %pushi/vec4 0, 0, 32;
    %cmp/e;
    %flag_get/vec4 4;
    %and;
T_2.9;
    %flag_set/vec4 8;
    %jmp/0xz  T_2.7, 8;
    %load/vec4 v0x55f646db10a0_0;
    %load/vec4 v0x55f646db1620_0;
    %pushi/vec4 15, 0, 32;
    %load/vec4 v0x55f646db1be0_0;
    %pad/u 32;
    %muli 4, 0, 32;
    %sub;
    %pad/u 34;
    %subi 3, 0, 34;
    %part/s 4;
    %cmp/e;
    %jmp/0xz  T_2.11, 4;
    %load/vec4 v0x55f646db1be0_0;
    %addi 1, 0, 4;
    %store/vec4 v0x55f646db1c80_0, 0, 4;
T_2.11 ;
    %jmp T_2.8;
T_2.7 ;
    %load/vec4 v0x55f646db1be0_0;
    %pad/u 32;
    %cmpi/e 4, 0, 32;
    %jmp/0xz  T_2.13, 4;
    %vpi_call 4 79 "$display", "Pin correcto ingresado" {0 0 0};
    %pushi/vec4 2, 0, 2;
    %store/vec4 v0x55f646db1f40_0, 0, 2;
    %vpi_call 4 81 "$display", v0x55f646db1f40_0 {0 0 0};
T_2.13 ;
T_2.8 ;
T_2.5 ;
    %load/vec4 v0x55f646db1e60_0;
    %cmpi/e 2, 0, 2;
    %jmp/0xz  T_2.15, 4;
    %load/vec4 v0x55f646db1480_0;
    %pad/u 64;
    %load/vec4 v0x55f646db0d50_0;
    %cmp/u;
    %jmp/0xz  T_2.17, 5;
    %load/vec4 v0x55f646db0d50_0;
    %load/vec4 v0x55f646db1480_0;
    %pad/u 64;
    %sub;
    %store/vec4 v0x55f646db0c80_0, 0, 64;
    %pushi/vec4 1, 0, 1;
    %store/vec4 v0x55f646db0f30_0, 0, 1;
    %pushi/vec4 3, 0, 2;
    %store/vec4 v0x55f646db1f40_0, 0, 2;
    %vpi_call 4 90 "$display", "Balance actualizado" {0 0 0};
    %vpi_call 4 91 "$display", v0x55f646db0c80_0 {0 0 0};
    %jmp T_2.18;
T_2.17 ;
    %vpi_call 4 94 "$display", "Fondos insuficientes" {0 0 0};
    %pushi/vec4 1, 0, 1;
    %store/vec4 v0x55f646db1a70_0, 0, 1;
T_2.18 ;
T_2.15 ;
    %jmp T_2;
    .thread T_2, $push;
    .scope S_0x55f646d807c0;
T_3 ;
    %delay 5, 0;
    %load/vec4 v0x55f646db00a0_0;
    %inv;
    %store/vec4 v0x55f646db00a0_0, 0, 1;
    %jmp T_3;
    .thread T_3;
    .scope S_0x55f646d807c0;
T_4 ;
    %pushi/vec4 0, 0, 1;
    %store/vec4 v0x55f646db00a0_0, 0, 1;
    %pushi/vec4 0, 0, 1;
    %store/vec4 v0x55f646dafcc0_0, 0, 1;
    %pushi/vec4 33604, 0, 16;
    %store/vec4 v0x55f646dafd80_0, 0, 16;
    %pushi/vec4 1, 0, 1;
    %store/vec4 v0x55f646daffe0_0, 0, 1;
    %pushi/vec4 1, 0, 1;
    %store/vec4 v0x55f646daff20_0, 0, 1;
    %pushi/vec4 100, 0, 64;
    %store/vec4 v0x55f646daf630_0, 0, 64;
    %pushi/vec4 0, 0, 1;
    %store/vec4 v0x55f646daf9a0_0, 0, 1;
    %delay 10, 0;
    %pushi/vec4 8, 0, 4;
    %store/vec4 v0x55f646daf8c0_0, 0, 4;
    %pushi/vec4 1, 0, 1;
    %store/vec4 v0x55f646daf9a0_0, 0, 1;
    %delay 10, 0;
    %pushi/vec4 0, 0, 1;
    %store/vec4 v0x55f646daf9a0_0, 0, 1;
    %delay 10, 0;
    %pushi/vec4 3, 0, 4;
    %store/vec4 v0x55f646daf8c0_0, 0, 4;
    %pushi/vec4 1, 0, 1;
    %store/vec4 v0x55f646daf9a0_0, 0, 1;
    %delay 10, 0;
    %pushi/vec4 0, 0, 1;
    %store/vec4 v0x55f646daf9a0_0, 0, 1;
    %delay 10, 0;
    %pushi/vec4 4, 0, 4;
    %store/vec4 v0x55f646daf8c0_0, 0, 4;
    %pushi/vec4 1, 0, 1;
    %store/vec4 v0x55f646daf9a0_0, 0, 1;
    %delay 10, 0;
    %pushi/vec4 0, 0, 1;
    %store/vec4 v0x55f646daf9a0_0, 0, 1;
    %delay 10, 0;
    %pushi/vec4 4, 0, 4;
    %store/vec4 v0x55f646daf8c0_0, 0, 4;
    %pushi/vec4 1, 0, 1;
    %store/vec4 v0x55f646daf9a0_0, 0, 1;
    %delay 10, 0;
    %pushi/vec4 0, 0, 1;
    %store/vec4 v0x55f646daf9a0_0, 0, 1;
    %pushi/vec4 50, 0, 32;
    %store/vec4 v0x55f646dafbe0_0, 0, 32;
    %pushi/vec4 1, 0, 1;
    %store/vec4 v0x55f646dafcc0_0, 0, 1;
    %delay 10, 0;
    %pushi/vec4 0, 0, 1;
    %store/vec4 v0x55f646dafcc0_0, 0, 1;
    %delay 100, 0;
    %vpi_call 3 75 "$finish" {0 0 0};
    %end;
    .thread T_4;
    .scope S_0x55f646d80630;
T_5 ;
    %vpi_call 2 29 "$dumpfile", "resultados.vcd" {0 0 0};
    %vpi_call 2 30 "$dumpvars", 32'sb00000000000000000000000000000000, S_0x55f646d80630 {0 0 0};
    %end;
    .thread T_5;
# The file index is used to find the file name in the following table.
:file_names 5;
    "N/A";
    "<interactive>";
    "testbench.v";
    "tester.v";
    "maquina_estados.v";
